Determining if the pthread_create exist failed with the following output:
Change Dir: /home/mustafasezer/catkin_ws/src/tas_car_04/tas-build/CMakeFiles/CMakeTmp

Run Build Command:/usr/bin/make "cmTryCompileExec3826765376/fast"
/usr/bin/make -f CMakeFiles/cmTryCompileExec3826765376.dir/build.make CMakeFiles/cmTryCompileExec3826765376.dir/build
make[1]: Entering directory `/home/mustafasezer/catkin_ws/src/tas_car_04/tas-build/CMakeFiles/CMakeTmp'
/usr/bin/cmake -E cmake_progress_report /home/mustafasezer/catkin_ws/src/tas_car_04/tas-build/CMakeFiles/CMakeTmp/CMakeFiles 1
Building C object CMakeFiles/cmTryCompileExec3826765376.dir/CheckSymbolExists.c.o
/usr/bin/cc    -o CMakeFiles/cmTryCompileExec3826765376.dir/CheckSymbolExists.c.o   -c /home/mustafasezer/catkin_ws/src/tas_car_04/tas-build/CMakeFiles/CMakeTmp/CheckSymbolExists.c
Linking C executable cmTryCompileExec3826765376
/usr/bin/cmake -E cmake_link_script CMakeFiles/cmTryCompileExec3826765376.dir/link.txt --verbose=1
/usr/bin/cc       CMakeFiles/cmTryCompileExec3826765376.dir/CheckSymbolExists.c.o  -o cmTryCompileExec3826765376 -rdynamic 
CMakeFiles/cmTryCompileExec3826765376.dir/CheckSymbolExists.c.o: In function `main':
CheckSymbolExists.c:(.text+0xa): undefined reference to `pthread_create'
collect2: error: ld returned 1 exit status
make[1]: *** [cmTryCompileExec3826765376] Error 1
make[1]: Leaving directory `/home/mustafasezer/catkin_ws/src/tas_car_04/tas-build/CMakeFiles/CMakeTmp'
make: *** [cmTryCompileExec3826765376/fast] Error 2

File /home/mustafasezer/catkin_ws/src/tas_car_04/tas-build/CMakeFiles/CMakeTmp/CheckSymbolExists.c:
/* */
#include <pthread.h>

int main(int argc, char** argv)
{
  (void)argv;
#ifndef pthread_create
  return ((int*)(&pthread_create))[argc];
#else
  (void)argc;
  return 0;
#endif
}

Determining if the function pthread_create exists in the pthreads failed with the following output:
Change Dir: /home/mustafasezer/catkin_ws/src/tas_car_04/tas-build/CMakeFiles/CMakeTmp

Run Build Command:/usr/bin/make "cmTryCompileExec2981051922/fast"
/usr/bin/make -f CMakeFiles/cmTryCompileExec2981051922.dir/build.make CMakeFiles/cmTryCompileExec2981051922.dir/build
make[1]: Entering directory `/home/mustafasezer/catkin_ws/src/tas_car_04/tas-build/CMakeFiles/CMakeTmp'
/usr/bin/cmake -E cmake_progress_report /home/mustafasezer/catkin_ws/src/tas_car_04/tas-build/CMakeFiles/CMakeTmp/CMakeFiles 1
Building C object CMakeFiles/cmTryCompileExec2981051922.dir/CheckFunctionExists.c.o
/usr/bin/cc   -DCHECK_FUNCTION_EXISTS=pthread_create   -o CMakeFiles/cmTryCompileExec2981051922.dir/CheckFunctionExists.c.o   -c /usr/share/cmake-2.8/Modules/CheckFunctionExists.c
Linking C executable cmTryCompileExec2981051922
/usr/bin/cmake -E cmake_link_script CMakeFiles/cmTryCompileExec2981051922.dir/link.txt --verbose=1
/usr/bin/cc   -DCHECK_FUNCTION_EXISTS=pthread_create    CMakeFiles/cmTryCompileExec2981051922.dir/CheckFunctionExists.c.o  -o cmTryCompileExec2981051922 -rdynamic -lpthreads 
/usr/bin/ld: cannot find -lpthreads
collect2: error: ld returned 1 exit status
make[1]: *** [cmTryCompileExec2981051922] Error 1
make[1]: Leaving directory `/home/mustafasezer/catkin_ws/src/tas_car_04/tas-build/CMakeFiles/CMakeTmp'
make: *** [cmTryCompileExec2981051922/fast] Error 2


